<?xml version="1.0" encoding="UTF-8"?>
<!-- Generated by org.testng.reporters.JUnitXMLReporter -->
<testsuite ignored="0" hostname="DESKTOP-QLRCB42" failures="0" tests="2" name="Test-Runner-Firefox" time="15.009" errors="0" timestamp="2025-05-05T11:49:49 IST">
  <testcase classname="inventoryTests.AddProductToCartTest" name="SampleTest" time="0.005"/>
  <testcase classname="inventoryTests.AddProductToCartTest" name="tc_01_AddProductToCartTest" time="1.06"/>
</testsuite> <!-- Test-Runner-Firefox -->
