<?xml version="1.0" encoding="UTF-8"?>
<!-- Generated by org.testng.reporters.JUnitXMLReporter -->
<testsuite ignored="0" hostname="DESKTOP-QLRCB42" failures="0" tests="2" name="Test-Runner-edge" time="9.798" errors="0" timestamp="2025-05-05T11:49:44 IST">
  <testcase classname="inventoryTests.AddProductToCartTest" name="SampleTest" time="0.014"/>
  <testcase classname="inventoryTests.AddProductToCartTest" name="tc_01_AddProductToCartTest" time="1.852"/>
</testsuite> <!-- Test-Runner-edge -->
