<?xml version="1.0" encoding="UTF-8"?>
<!-- Generated by org.testng.reporters.JUnitXMLReporter -->
<testsuite ignored="0" hostname="DESKTOP-QLRCB42" failures="0" tests="2" name="Test-runner-1" time="12.131" errors="0" timestamp="2025-05-03T12:05:51 IST">
  <testcase classname="inventoryTests.AddProductToCartTest" name="SampleTest" time="0.038"/>
  <testcase classname="inventoryTests.AddProductToCartTest" name="tc_01_AddProductToCartTest" time="2.703"/>
</testsuite> <!-- Test-runner-1 -->
