<?xml version="1.0" encoding="UTF-8"?>
<!-- Generated by org.testng.reporters.JUnitXMLReporter -->
<testsuite ignored="0" hostname="DESKTOP-QLRCB42" failures="0" tests="1" name="Test-runner-2" time="22.527" errors="0" timestamp="2025-05-03T12:06:01 IST">
  <testcase classname="inventoryTests.AddLowestPriceProductToCartTest" name="tc_02_AddLowestPriceProductToCartTest" time="3.212"/>
</testsuite> <!-- Test-runner-2 -->
