<?xml version="1.0" encoding="UTF-8"?>
<!-- Generated by org.testng.reporters.JUnitReportReporter -->
<testsuite hostname="DESKTOP-QLRCB42" failures="0" tests="3" name="practice1.TestNGSample" time="0.029" errors="0" timestamp="2025-05-01T11:14:47 IST" skipped="0">
  <testcase classname="practice1.TestNGSample" name="createEmpData" time="0.001"/>
  <testcase classname="practice1.TestNGSample" name="createEmpData" time="0.022"/>
  <testcase classname="practice1.TestNGSample" name="createEmpData" time="0.006"/>
</testsuite> <!-- practice1.TestNGSample -->
