<?xml version="1.0" encoding="UTF-8"?>
<!-- Generated by org.testng.reporters.JUnitReportReporter -->
<testsuite hostname="DESKTOP-QLRCB42" failures="0" tests="1" name="inventoryTests.AddLowestPriceProductToCartTest" time="2.248" errors="0" timestamp="2025-05-14T11:53:07 IST" skipped="0">
  <testcase classname="inventoryTests.AddLowestPriceProductToCartTest" name="tc_02_AddLowestPriceProductToCartTest" time="2.248"/>
  <system-out/>
</testsuite> <!-- inventoryTests.AddLowestPriceProductToCartTest -->
