<?xml version="1.0" encoding="UTF-8"?>
<!-- Generated by org.testng.reporters.JUnitReportReporter -->
<testsuite hostname="DESKTOP-QLRCB42" failures="0" tests="3" name="practice1.TestNGSample" time="0.010" errors="0" timestamp="2025-05-13T11:48:32 IST" skipped="0">
  <testcase classname="practice1.TestNGSample" name="createEmpData" time="0.006"/>
  <system-out/>
  <testcase classname="practice1.TestNGSample" name="createEmpData" time="0.004"/>
  <system-out/>
  <testcase classname="practice1.TestNGSample" name="createEmpData" time="0.000"/>
  <system-out/>
</testsuite> <!-- practice1.TestNGSample -->
